<testsuites id="" name="" tests="329" failures="0" skipped="329" errors="0" time="0.040388000000000035">
<testsuite name="app-functionality.spec.ts" timestamp="2025-07-26T04:53:34.026Z" hostname="chromium" tests="21" failures="0" skipped="21" time="0" errors="0">
<testcase name="应用功能测试 › 应用启动和导航 › 应用应该正确启动并显示主界面" classname="app-functionality.spec.ts" time="0">
<skipped>
</skipped>
</testcase>
<testcase name="应用功能测试 › 应用启动和导航 › 应该能够在不同页面间导航" classname="app-functionality.spec.ts" time="0">
<skipped>
</skipped>
</testcase>
<testcase name="应用功能测试 › 应用启动和导航 › 侧边栏应该能够折叠和展开" classname="app-functionality.spec.ts" time="0">
<skipped>
</skipped>
</testcase>
<testcase name="应用功能测试 › 连接管理功能 › 应该能够打开连接管理对话框" classname="app-functionality.spec.ts" time="0">
<skipped>
</skipped>
</testcase>
<testcase name="应用功能测试 › 连接管理功能 › 应该能够创建新连接" classname="app-functionality.spec.ts" time="0">
<skipped>
</skipped>
</testcase>
<testcase name="应用功能测试 › 连接管理功能 › 应该能够编辑现有连接" classname="app-functionality.spec.ts" time="0">
<skipped>
</skipped>
</testcase>
<testcase name="应用功能测试 › 连接管理功能 › 应该能够删除连接" classname="app-functionality.spec.ts" time="0">
<skipped>
</skipped>
</testcase>
<testcase name="应用功能测试 › 查询功能 › 查询编辑器应该正确显示" classname="app-functionality.spec.ts" time="0">
<skipped>
</skipped>
</testcase>
<testcase name="应用功能测试 › 查询功能 › 应该能够输入和清空查询" classname="app-functionality.spec.ts" time="0">
<skipped>
</skipped>
</testcase>
<testcase name="应用功能测试 › 查询功能 › 应该能够插入示例查询" classname="app-functionality.spec.ts" time="0">
<skipped>
</skipped>
</testcase>
<testcase name="应用功能测试 › 查询功能 › 查询结果区域应该正确显示" classname="app-functionality.spec.ts" time="0">
<skipped>
</skipped>
</testcase>
<testcase name="应用功能测试 › 可视化功能 › 应该能够访问可视化页面" classname="app-functionality.spec.ts" time="0">
<skipped>
</skipped>
</testcase>
<testcase name="应用功能测试 › 可视化功能 › 应该能够创建新图表" classname="app-functionality.spec.ts" time="0">
<skipped>
</skipped>
</testcase>
<testcase name="应用功能测试 › 可视化功能 › 图表类型选择应该正常工作" classname="app-functionality.spec.ts" time="0">
<skipped>
</skipped>
</testcase>
<testcase name="应用功能测试 › 设置功能 › 应该能够打开设置对话框" classname="app-functionality.spec.ts" time="0">
<skipped>
</skipped>
</testcase>
<testcase name="应用功能测试 › 设置功能 › 应该能够切换主题" classname="app-functionality.spec.ts" time="0">
<skipped>
</skipped>
</testcase>
<testcase name="应用功能测试 › 设置功能 › 应该能够修改查询设置" classname="app-functionality.spec.ts" time="0">
<skipped>
</skipped>
</testcase>
<testcase name="应用功能测试 › 响应式设计 › 应该在移动端正确显示" classname="app-functionality.spec.ts" time="0">
<skipped>
</skipped>
</testcase>
<testcase name="应用功能测试 › 响应式设计 › 应该在平板端正确显示" classname="app-functionality.spec.ts" time="0">
<skipped>
</skipped>
</testcase>
<testcase name="应用功能测试 › 错误处理 › 应该正确处理网络错误" classname="app-functionality.spec.ts" time="0">
<skipped>
</skipped>
</testcase>
<testcase name="应用功能测试 › 错误处理 › 应该正确处理应用错误" classname="app-functionality.spec.ts" time="0">
<skipped>
</skipped>
</testcase>
</testsuite>
<testsuite name="database-integration.spec.ts" timestamp="2025-07-26T04:53:34.026Z" hostname="chromium" tests="14" failures="0" skipped="14" time="0" errors="0">
<testcase name="真实数据库集成测试 › 数据库连接测试 › 应该能够连接到 InfluxDB 1.8 测试" classname="database-integration.spec.ts" time="0">
<skipped>
</skipped>
</testcase>
<testcase name="真实数据库集成测试 › 数据库连接测试 › 应该能够连接到 InfluxDB 2.7 测试" classname="database-integration.spec.ts" time="0">
<skipped>
</skipped>
</testcase>
<testcase name="真实数据库集成测试 › 数据库连接测试 › 应该能够连接到 InfluxDB 3.x 测试" classname="database-integration.spec.ts" time="0">
<skipped>
</skipped>
</testcase>
<testcase name="真实数据库集成测试 › 数据库连接测试 › 应该能够连接到 IoTDB 测试" classname="database-integration.spec.ts" time="0">
<skipped>
</skipped>
</testcase>
<testcase name="真实数据库集成测试 › 数据库连接测试 › 应该正确处理连接失败" classname="database-integration.spec.ts" time="0">
<skipped>
</skipped>
</testcase>
<testcase name="真实数据库集成测试 › 查询执行测试 › 应该能够在 InfluxDB 1.8 测试 中执行查询" classname="database-integration.spec.ts" time="0">
<skipped>
</skipped>
</testcase>
<testcase name="真实数据库集成测试 › 查询执行测试 › 应该能够在 InfluxDB 2.7 测试 中执行查询" classname="database-integration.spec.ts" time="0">
<skipped>
</skipped>
</testcase>
<testcase name="真实数据库集成测试 › 查询执行测试 › 应该能够在 InfluxDB 3.x 测试 中执行查询" classname="database-integration.spec.ts" time="0">
<skipped>
</skipped>
</testcase>
<testcase name="真实数据库集成测试 › 查询执行测试 › 应该能够在 IoTDB 测试 中执行查询" classname="database-integration.spec.ts" time="0">
<skipped>
</skipped>
</testcase>
<testcase name="真实数据库集成测试 › 查询执行测试 › 应该正确处理无效查询" classname="database-integration.spec.ts" time="0">
<skipped>
</skipped>
</testcase>
<testcase name="真实数据库集成测试 › 性能测试 › 连接建立时间应该在合理范围内" classname="database-integration.spec.ts" time="0">
<skipped>
</skipped>
</testcase>
<testcase name="真实数据库集成测试 › 性能测试 › 简单查询执行时间应该在合理范围内" classname="database-integration.spec.ts" time="0">
<skipped>
</skipped>
</testcase>
<testcase name="真实数据库集成测试 › 数据操作测试 › 应该能够浏览数据库结构" classname="database-integration.spec.ts" time="0">
<skipped>
</skipped>
</testcase>
<testcase name="真实数据库集成测试 › 数据操作测试 › 应该能够浏览 IoTDB 存储组结构" classname="database-integration.spec.ts" time="0">
<skipped>
</skipped>
</testcase>
</testsuite>
<testsuite name="performance.spec.ts" timestamp="2025-07-26T04:53:34.026Z" hostname="chromium" tests="12" failures="0" skipped="12" time="0" errors="0">
<testcase name="性能测试 › 应用启动性能 › 应用启动时间应该在合理范围内" classname="performance.spec.ts" time="0">
<skipped>
</skipped>
</testcase>
<testcase name="性能测试 › 应用启动性能 › 首次内容绘制时间应该合理" classname="performance.spec.ts" time="0">
<skipped>
</skipped>
</testcase>
<testcase name="性能测试 › 应用启动性能 › 最大内容绘制时间应该合理" classname="performance.spec.ts" time="0">
<skipped>
</skipped>
</testcase>
<testcase name="性能测试 › UI 响应性能 › 页面导航应该快速响应" classname="performance.spec.ts" time="0">
<skipped>
</skipped>
</testcase>
<testcase name="性能测试 › UI 响应性能 › 对话框打开应该快速响应" classname="performance.spec.ts" time="0">
<skipped>
</skipped>
</testcase>
<testcase name="性能测试 › UI 响应性能 › 表单输入应该流畅响应" classname="performance.spec.ts" time="0">
<skipped>
</skipped>
</testcase>
<testcase name="性能测试 › 数据加载性能 › 数据源树加载应该快速" classname="performance.spec.ts" time="0">
<skipped>
</skipped>
</testcase>
<testcase name="性能测试 › 数据加载性能 › 查询结果加载性能" classname="performance.spec.ts" time="0">
<skipped>
</skipped>
</testcase>
<testcase name="性能测试 › 内存使用性能 › 长时间使用后内存使用应该稳定" classname="performance.spec.ts" time="0">
<skipped>
</skipped>
</testcase>
<testcase name="性能测试 › 内存使用性能 › 大量数据处理性能" classname="performance.spec.ts" time="0">
<skipped>
</skipped>
</testcase>
<testcase name="性能测试 › 网络性能 › 慢网络条件下应用应该可用" classname="performance.spec.ts" time="0">
<skipped>
</skipped>
</testcase>
<testcase name="性能测试 › 网络性能 › 网络中断恢复后应用应该正常" classname="performance.spec.ts" time="0">
<skipped>
</skipped>
</testcase>
</testsuite>
<testsuite name="app-functionality.spec.ts" timestamp="2025-07-26T04:53:34.026Z" hostname="firefox" tests="21" failures="0" skipped="21" time="0" errors="0">
<testcase name="应用功能测试 › 应用启动和导航 › 应用应该正确启动并显示主界面" classname="app-functionality.spec.ts" time="0">
<skipped>
</skipped>
</testcase>
<testcase name="应用功能测试 › 应用启动和导航 › 应该能够在不同页面间导航" classname="app-functionality.spec.ts" time="0">
<skipped>
</skipped>
</testcase>
<testcase name="应用功能测试 › 应用启动和导航 › 侧边栏应该能够折叠和展开" classname="app-functionality.spec.ts" time="0">
<skipped>
</skipped>
</testcase>
<testcase name="应用功能测试 › 连接管理功能 › 应该能够打开连接管理对话框" classname="app-functionality.spec.ts" time="0">
<skipped>
</skipped>
</testcase>
<testcase name="应用功能测试 › 连接管理功能 › 应该能够创建新连接" classname="app-functionality.spec.ts" time="0">
<skipped>
</skipped>
</testcase>
<testcase name="应用功能测试 › 连接管理功能 › 应该能够编辑现有连接" classname="app-functionality.spec.ts" time="0">
<skipped>
</skipped>
</testcase>
<testcase name="应用功能测试 › 连接管理功能 › 应该能够删除连接" classname="app-functionality.spec.ts" time="0">
<skipped>
</skipped>
</testcase>
<testcase name="应用功能测试 › 查询功能 › 查询编辑器应该正确显示" classname="app-functionality.spec.ts" time="0">
<skipped>
</skipped>
</testcase>
<testcase name="应用功能测试 › 查询功能 › 应该能够输入和清空查询" classname="app-functionality.spec.ts" time="0">
<skipped>
</skipped>
</testcase>
<testcase name="应用功能测试 › 查询功能 › 应该能够插入示例查询" classname="app-functionality.spec.ts" time="0">
<skipped>
</skipped>
</testcase>
<testcase name="应用功能测试 › 查询功能 › 查询结果区域应该正确显示" classname="app-functionality.spec.ts" time="0">
<skipped>
</skipped>
</testcase>
<testcase name="应用功能测试 › 可视化功能 › 应该能够访问可视化页面" classname="app-functionality.spec.ts" time="0">
<skipped>
</skipped>
</testcase>
<testcase name="应用功能测试 › 可视化功能 › 应该能够创建新图表" classname="app-functionality.spec.ts" time="0">
<skipped>
</skipped>
</testcase>
<testcase name="应用功能测试 › 可视化功能 › 图表类型选择应该正常工作" classname="app-functionality.spec.ts" time="0">
<skipped>
</skipped>
</testcase>
<testcase name="应用功能测试 › 设置功能 › 应该能够打开设置对话框" classname="app-functionality.spec.ts" time="0">
<skipped>
</skipped>
</testcase>
<testcase name="应用功能测试 › 设置功能 › 应该能够切换主题" classname="app-functionality.spec.ts" time="0">
<skipped>
</skipped>
</testcase>
<testcase name="应用功能测试 › 设置功能 › 应该能够修改查询设置" classname="app-functionality.spec.ts" time="0">
<skipped>
</skipped>
</testcase>
<testcase name="应用功能测试 › 响应式设计 › 应该在移动端正确显示" classname="app-functionality.spec.ts" time="0">
<skipped>
</skipped>
</testcase>
<testcase name="应用功能测试 › 响应式设计 › 应该在平板端正确显示" classname="app-functionality.spec.ts" time="0">
<skipped>
</skipped>
</testcase>
<testcase name="应用功能测试 › 错误处理 › 应该正确处理网络错误" classname="app-functionality.spec.ts" time="0">
<skipped>
</skipped>
</testcase>
<testcase name="应用功能测试 › 错误处理 › 应该正确处理应用错误" classname="app-functionality.spec.ts" time="0">
<skipped>
</skipped>
</testcase>
</testsuite>
<testsuite name="database-integration.spec.ts" timestamp="2025-07-26T04:53:34.026Z" hostname="firefox" tests="14" failures="0" skipped="14" time="0" errors="0">
<testcase name="真实数据库集成测试 › 数据库连接测试 › 应该能够连接到 InfluxDB 1.8 测试" classname="database-integration.spec.ts" time="0">
<skipped>
</skipped>
</testcase>
<testcase name="真实数据库集成测试 › 数据库连接测试 › 应该能够连接到 InfluxDB 2.7 测试" classname="database-integration.spec.ts" time="0">
<skipped>
</skipped>
</testcase>
<testcase name="真实数据库集成测试 › 数据库连接测试 › 应该能够连接到 InfluxDB 3.x 测试" classname="database-integration.spec.ts" time="0">
<skipped>
</skipped>
</testcase>
<testcase name="真实数据库集成测试 › 数据库连接测试 › 应该能够连接到 IoTDB 测试" classname="database-integration.spec.ts" time="0">
<skipped>
</skipped>
</testcase>
<testcase name="真实数据库集成测试 › 数据库连接测试 › 应该正确处理连接失败" classname="database-integration.spec.ts" time="0">
<skipped>
</skipped>
</testcase>
<testcase name="真实数据库集成测试 › 查询执行测试 › 应该能够在 InfluxDB 1.8 测试 中执行查询" classname="database-integration.spec.ts" time="0">
<skipped>
</skipped>
</testcase>
<testcase name="真实数据库集成测试 › 查询执行测试 › 应该能够在 InfluxDB 2.7 测试 中执行查询" classname="database-integration.spec.ts" time="0">
<skipped>
</skipped>
</testcase>
<testcase name="真实数据库集成测试 › 查询执行测试 › 应该能够在 InfluxDB 3.x 测试 中执行查询" classname="database-integration.spec.ts" time="0">
<skipped>
</skipped>
</testcase>
<testcase name="真实数据库集成测试 › 查询执行测试 › 应该能够在 IoTDB 测试 中执行查询" classname="database-integration.spec.ts" time="0">
<skipped>
</skipped>
</testcase>
<testcase name="真实数据库集成测试 › 查询执行测试 › 应该正确处理无效查询" classname="database-integration.spec.ts" time="0">
<skipped>
</skipped>
</testcase>
<testcase name="真实数据库集成测试 › 性能测试 › 连接建立时间应该在合理范围内" classname="database-integration.spec.ts" time="0">
<skipped>
</skipped>
</testcase>
<testcase name="真实数据库集成测试 › 性能测试 › 简单查询执行时间应该在合理范围内" classname="database-integration.spec.ts" time="0">
<skipped>
</skipped>
</testcase>
<testcase name="真实数据库集成测试 › 数据操作测试 › 应该能够浏览数据库结构" classname="database-integration.spec.ts" time="0">
<skipped>
</skipped>
</testcase>
<testcase name="真实数据库集成测试 › 数据操作测试 › 应该能够浏览 IoTDB 存储组结构" classname="database-integration.spec.ts" time="0">
<skipped>
</skipped>
</testcase>
</testsuite>
<testsuite name="performance.spec.ts" timestamp="2025-07-26T04:53:34.026Z" hostname="firefox" tests="12" failures="0" skipped="12" time="0" errors="0">
<testcase name="性能测试 › 应用启动性能 › 应用启动时间应该在合理范围内" classname="performance.spec.ts" time="0">
<skipped>
</skipped>
</testcase>
<testcase name="性能测试 › 应用启动性能 › 首次内容绘制时间应该合理" classname="performance.spec.ts" time="0">
<skipped>
</skipped>
</testcase>
<testcase name="性能测试 › 应用启动性能 › 最大内容绘制时间应该合理" classname="performance.spec.ts" time="0">
<skipped>
</skipped>
</testcase>
<testcase name="性能测试 › UI 响应性能 › 页面导航应该快速响应" classname="performance.spec.ts" time="0">
<skipped>
</skipped>
</testcase>
<testcase name="性能测试 › UI 响应性能 › 对话框打开应该快速响应" classname="performance.spec.ts" time="0">
<skipped>
</skipped>
</testcase>
<testcase name="性能测试 › UI 响应性能 › 表单输入应该流畅响应" classname="performance.spec.ts" time="0">
<skipped>
</skipped>
</testcase>
<testcase name="性能测试 › 数据加载性能 › 数据源树加载应该快速" classname="performance.spec.ts" time="0">
<skipped>
</skipped>
</testcase>
<testcase name="性能测试 › 数据加载性能 › 查询结果加载性能" classname="performance.spec.ts" time="0">
<skipped>
</skipped>
</testcase>
<testcase name="性能测试 › 内存使用性能 › 长时间使用后内存使用应该稳定" classname="performance.spec.ts" time="0">
<skipped>
</skipped>
</testcase>
<testcase name="性能测试 › 内存使用性能 › 大量数据处理性能" classname="performance.spec.ts" time="0">
<skipped>
</skipped>
</testcase>
<testcase name="性能测试 › 网络性能 › 慢网络条件下应用应该可用" classname="performance.spec.ts" time="0">
<skipped>
</skipped>
</testcase>
<testcase name="性能测试 › 网络性能 › 网络中断恢复后应用应该正常" classname="performance.spec.ts" time="0">
<skipped>
</skipped>
</testcase>
</testsuite>
<testsuite name="app-functionality.spec.ts" timestamp="2025-07-26T04:53:34.026Z" hostname="webkit" tests="21" failures="0" skipped="21" time="0" errors="0">
<testcase name="应用功能测试 › 应用启动和导航 › 应用应该正确启动并显示主界面" classname="app-functionality.spec.ts" time="0">
<skipped>
</skipped>
</testcase>
<testcase name="应用功能测试 › 应用启动和导航 › 应该能够在不同页面间导航" classname="app-functionality.spec.ts" time="0">
<skipped>
</skipped>
</testcase>
<testcase name="应用功能测试 › 应用启动和导航 › 侧边栏应该能够折叠和展开" classname="app-functionality.spec.ts" time="0">
<skipped>
</skipped>
</testcase>
<testcase name="应用功能测试 › 连接管理功能 › 应该能够打开连接管理对话框" classname="app-functionality.spec.ts" time="0">
<skipped>
</skipped>
</testcase>
<testcase name="应用功能测试 › 连接管理功能 › 应该能够创建新连接" classname="app-functionality.spec.ts" time="0">
<skipped>
</skipped>
</testcase>
<testcase name="应用功能测试 › 连接管理功能 › 应该能够编辑现有连接" classname="app-functionality.spec.ts" time="0">
<skipped>
</skipped>
</testcase>
<testcase name="应用功能测试 › 连接管理功能 › 应该能够删除连接" classname="app-functionality.spec.ts" time="0">
<skipped>
</skipped>
</testcase>
<testcase name="应用功能测试 › 查询功能 › 查询编辑器应该正确显示" classname="app-functionality.spec.ts" time="0">
<skipped>
</skipped>
</testcase>
<testcase name="应用功能测试 › 查询功能 › 应该能够输入和清空查询" classname="app-functionality.spec.ts" time="0">
<skipped>
</skipped>
</testcase>
<testcase name="应用功能测试 › 查询功能 › 应该能够插入示例查询" classname="app-functionality.spec.ts" time="0">
<skipped>
</skipped>
</testcase>
<testcase name="应用功能测试 › 查询功能 › 查询结果区域应该正确显示" classname="app-functionality.spec.ts" time="0">
<skipped>
</skipped>
</testcase>
<testcase name="应用功能测试 › 可视化功能 › 应该能够访问可视化页面" classname="app-functionality.spec.ts" time="0">
<skipped>
</skipped>
</testcase>
<testcase name="应用功能测试 › 可视化功能 › 应该能够创建新图表" classname="app-functionality.spec.ts" time="0">
<skipped>
</skipped>
</testcase>
<testcase name="应用功能测试 › 可视化功能 › 图表类型选择应该正常工作" classname="app-functionality.spec.ts" time="0">
<skipped>
</skipped>
</testcase>
<testcase name="应用功能测试 › 设置功能 › 应该能够打开设置对话框" classname="app-functionality.spec.ts" time="0">
<skipped>
</skipped>
</testcase>
<testcase name="应用功能测试 › 设置功能 › 应该能够切换主题" classname="app-functionality.spec.ts" time="0">
<skipped>
</skipped>
</testcase>
<testcase name="应用功能测试 › 设置功能 › 应该能够修改查询设置" classname="app-functionality.spec.ts" time="0">
<skipped>
</skipped>
</testcase>
<testcase name="应用功能测试 › 响应式设计 › 应该在移动端正确显示" classname="app-functionality.spec.ts" time="0">
<skipped>
</skipped>
</testcase>
<testcase name="应用功能测试 › 响应式设计 › 应该在平板端正确显示" classname="app-functionality.spec.ts" time="0">
<skipped>
</skipped>
</testcase>
<testcase name="应用功能测试 › 错误处理 › 应该正确处理网络错误" classname="app-functionality.spec.ts" time="0">
<skipped>
</skipped>
</testcase>
<testcase name="应用功能测试 › 错误处理 › 应该正确处理应用错误" classname="app-functionality.spec.ts" time="0">
<skipped>
</skipped>
</testcase>
</testsuite>
<testsuite name="database-integration.spec.ts" timestamp="2025-07-26T04:53:34.026Z" hostname="webkit" tests="14" failures="0" skipped="14" time="0" errors="0">
<testcase name="真实数据库集成测试 › 数据库连接测试 › 应该能够连接到 InfluxDB 1.8 测试" classname="database-integration.spec.ts" time="0">
<skipped>
</skipped>
</testcase>
<testcase name="真实数据库集成测试 › 数据库连接测试 › 应该能够连接到 InfluxDB 2.7 测试" classname="database-integration.spec.ts" time="0">
<skipped>
</skipped>
</testcase>
<testcase name="真实数据库集成测试 › 数据库连接测试 › 应该能够连接到 InfluxDB 3.x 测试" classname="database-integration.spec.ts" time="0">
<skipped>
</skipped>
</testcase>
<testcase name="真实数据库集成测试 › 数据库连接测试 › 应该能够连接到 IoTDB 测试" classname="database-integration.spec.ts" time="0">
<skipped>
</skipped>
</testcase>
<testcase name="真实数据库集成测试 › 数据库连接测试 › 应该正确处理连接失败" classname="database-integration.spec.ts" time="0">
<skipped>
</skipped>
</testcase>
<testcase name="真实数据库集成测试 › 查询执行测试 › 应该能够在 InfluxDB 1.8 测试 中执行查询" classname="database-integration.spec.ts" time="0">
<skipped>
</skipped>
</testcase>
<testcase name="真实数据库集成测试 › 查询执行测试 › 应该能够在 InfluxDB 2.7 测试 中执行查询" classname="database-integration.spec.ts" time="0">
<skipped>
</skipped>
</testcase>
<testcase name="真实数据库集成测试 › 查询执行测试 › 应该能够在 InfluxDB 3.x 测试 中执行查询" classname="database-integration.spec.ts" time="0">
<skipped>
</skipped>
</testcase>
<testcase name="真实数据库集成测试 › 查询执行测试 › 应该能够在 IoTDB 测试 中执行查询" classname="database-integration.spec.ts" time="0">
<skipped>
</skipped>
</testcase>
<testcase name="真实数据库集成测试 › 查询执行测试 › 应该正确处理无效查询" classname="database-integration.spec.ts" time="0">
<skipped>
</skipped>
</testcase>
<testcase name="真实数据库集成测试 › 性能测试 › 连接建立时间应该在合理范围内" classname="database-integration.spec.ts" time="0">
<skipped>
</skipped>
</testcase>
<testcase name="真实数据库集成测试 › 性能测试 › 简单查询执行时间应该在合理范围内" classname="database-integration.spec.ts" time="0">
<skipped>
</skipped>
</testcase>
<testcase name="真实数据库集成测试 › 数据操作测试 › 应该能够浏览数据库结构" classname="database-integration.spec.ts" time="0">
<skipped>
</skipped>
</testcase>
<testcase name="真实数据库集成测试 › 数据操作测试 › 应该能够浏览 IoTDB 存储组结构" classname="database-integration.spec.ts" time="0">
<skipped>
</skipped>
</testcase>
</testsuite>
<testsuite name="performance.spec.ts" timestamp="2025-07-26T04:53:34.026Z" hostname="webkit" tests="12" failures="0" skipped="12" time="0" errors="0">
<testcase name="性能测试 › 应用启动性能 › 应用启动时间应该在合理范围内" classname="performance.spec.ts" time="0">
<skipped>
</skipped>
</testcase>
<testcase name="性能测试 › 应用启动性能 › 首次内容绘制时间应该合理" classname="performance.spec.ts" time="0">
<skipped>
</skipped>
</testcase>
<testcase name="性能测试 › 应用启动性能 › 最大内容绘制时间应该合理" classname="performance.spec.ts" time="0">
<skipped>
</skipped>
</testcase>
<testcase name="性能测试 › UI 响应性能 › 页面导航应该快速响应" classname="performance.spec.ts" time="0">
<skipped>
</skipped>
</testcase>
<testcase name="性能测试 › UI 响应性能 › 对话框打开应该快速响应" classname="performance.spec.ts" time="0">
<skipped>
</skipped>
</testcase>
<testcase name="性能测试 › UI 响应性能 › 表单输入应该流畅响应" classname="performance.spec.ts" time="0">
<skipped>
</skipped>
</testcase>
<testcase name="性能测试 › 数据加载性能 › 数据源树加载应该快速" classname="performance.spec.ts" time="0">
<skipped>
</skipped>
</testcase>
<testcase name="性能测试 › 数据加载性能 › 查询结果加载性能" classname="performance.spec.ts" time="0">
<skipped>
</skipped>
</testcase>
<testcase name="性能测试 › 内存使用性能 › 长时间使用后内存使用应该稳定" classname="performance.spec.ts" time="0">
<skipped>
</skipped>
</testcase>
<testcase name="性能测试 › 内存使用性能 › 大量数据处理性能" classname="performance.spec.ts" time="0">
<skipped>
</skipped>
</testcase>
<testcase name="性能测试 › 网络性能 › 慢网络条件下应用应该可用" classname="performance.spec.ts" time="0">
<skipped>
</skipped>
</testcase>
<testcase name="性能测试 › 网络性能 › 网络中断恢复后应用应该正常" classname="performance.spec.ts" time="0">
<skipped>
</skipped>
</testcase>
</testsuite>
<testsuite name="app-functionality.spec.ts" timestamp="2025-07-26T04:53:34.026Z" hostname="Mobile Chrome" tests="21" failures="0" skipped="21" time="0" errors="0">
<testcase name="应用功能测试 › 应用启动和导航 › 应用应该正确启动并显示主界面" classname="app-functionality.spec.ts" time="0">
<skipped>
</skipped>
</testcase>
<testcase name="应用功能测试 › 应用启动和导航 › 应该能够在不同页面间导航" classname="app-functionality.spec.ts" time="0">
<skipped>
</skipped>
</testcase>
<testcase name="应用功能测试 › 应用启动和导航 › 侧边栏应该能够折叠和展开" classname="app-functionality.spec.ts" time="0">
<skipped>
</skipped>
</testcase>
<testcase name="应用功能测试 › 连接管理功能 › 应该能够打开连接管理对话框" classname="app-functionality.spec.ts" time="0">
<skipped>
</skipped>
</testcase>
<testcase name="应用功能测试 › 连接管理功能 › 应该能够创建新连接" classname="app-functionality.spec.ts" time="0">
<skipped>
</skipped>
</testcase>
<testcase name="应用功能测试 › 连接管理功能 › 应该能够编辑现有连接" classname="app-functionality.spec.ts" time="0">
<skipped>
</skipped>
</testcase>
<testcase name="应用功能测试 › 连接管理功能 › 应该能够删除连接" classname="app-functionality.spec.ts" time="0">
<skipped>
</skipped>
</testcase>
<testcase name="应用功能测试 › 查询功能 › 查询编辑器应该正确显示" classname="app-functionality.spec.ts" time="0">
<skipped>
</skipped>
</testcase>
<testcase name="应用功能测试 › 查询功能 › 应该能够输入和清空查询" classname="app-functionality.spec.ts" time="0">
<skipped>
</skipped>
</testcase>
<testcase name="应用功能测试 › 查询功能 › 应该能够插入示例查询" classname="app-functionality.spec.ts" time="0">
<skipped>
</skipped>
</testcase>
<testcase name="应用功能测试 › 查询功能 › 查询结果区域应该正确显示" classname="app-functionality.spec.ts" time="0">
<skipped>
</skipped>
</testcase>
<testcase name="应用功能测试 › 可视化功能 › 应该能够访问可视化页面" classname="app-functionality.spec.ts" time="0">
<skipped>
</skipped>
</testcase>
<testcase name="应用功能测试 › 可视化功能 › 应该能够创建新图表" classname="app-functionality.spec.ts" time="0">
<skipped>
</skipped>
</testcase>
<testcase name="应用功能测试 › 可视化功能 › 图表类型选择应该正常工作" classname="app-functionality.spec.ts" time="0">
<skipped>
</skipped>
</testcase>
<testcase name="应用功能测试 › 设置功能 › 应该能够打开设置对话框" classname="app-functionality.spec.ts" time="0">
<skipped>
</skipped>
</testcase>
<testcase name="应用功能测试 › 设置功能 › 应该能够切换主题" classname="app-functionality.spec.ts" time="0">
<skipped>
</skipped>
</testcase>
<testcase name="应用功能测试 › 设置功能 › 应该能够修改查询设置" classname="app-functionality.spec.ts" time="0">
<skipped>
</skipped>
</testcase>
<testcase name="应用功能测试 › 响应式设计 › 应该在移动端正确显示" classname="app-functionality.spec.ts" time="0">
<skipped>
</skipped>
</testcase>
<testcase name="应用功能测试 › 响应式设计 › 应该在平板端正确显示" classname="app-functionality.spec.ts" time="0">
<skipped>
</skipped>
</testcase>
<testcase name="应用功能测试 › 错误处理 › 应该正确处理网络错误" classname="app-functionality.spec.ts" time="0">
<skipped>
</skipped>
</testcase>
<testcase name="应用功能测试 › 错误处理 › 应该正确处理应用错误" classname="app-functionality.spec.ts" time="0">
<skipped>
</skipped>
</testcase>
</testsuite>
<testsuite name="database-integration.spec.ts" timestamp="2025-07-26T04:53:34.026Z" hostname="Mobile Chrome" tests="14" failures="0" skipped="14" time="0" errors="0">
<testcase name="真实数据库集成测试 › 数据库连接测试 › 应该能够连接到 InfluxDB 1.8 测试" classname="database-integration.spec.ts" time="0">
<skipped>
</skipped>
</testcase>
<testcase name="真实数据库集成测试 › 数据库连接测试 › 应该能够连接到 InfluxDB 2.7 测试" classname="database-integration.spec.ts" time="0">
<skipped>
</skipped>
</testcase>
<testcase name="真实数据库集成测试 › 数据库连接测试 › 应该能够连接到 InfluxDB 3.x 测试" classname="database-integration.spec.ts" time="0">
<skipped>
</skipped>
</testcase>
<testcase name="真实数据库集成测试 › 数据库连接测试 › 应该能够连接到 IoTDB 测试" classname="database-integration.spec.ts" time="0">
<skipped>
</skipped>
</testcase>
<testcase name="真实数据库集成测试 › 数据库连接测试 › 应该正确处理连接失败" classname="database-integration.spec.ts" time="0">
<skipped>
</skipped>
</testcase>
<testcase name="真实数据库集成测试 › 查询执行测试 › 应该能够在 InfluxDB 1.8 测试 中执行查询" classname="database-integration.spec.ts" time="0">
<skipped>
</skipped>
</testcase>
<testcase name="真实数据库集成测试 › 查询执行测试 › 应该能够在 InfluxDB 2.7 测试 中执行查询" classname="database-integration.spec.ts" time="0">
<skipped>
</skipped>
</testcase>
<testcase name="真实数据库集成测试 › 查询执行测试 › 应该能够在 InfluxDB 3.x 测试 中执行查询" classname="database-integration.spec.ts" time="0">
<skipped>
</skipped>
</testcase>
<testcase name="真实数据库集成测试 › 查询执行测试 › 应该能够在 IoTDB 测试 中执行查询" classname="database-integration.spec.ts" time="0">
<skipped>
</skipped>
</testcase>
<testcase name="真实数据库集成测试 › 查询执行测试 › 应该正确处理无效查询" classname="database-integration.spec.ts" time="0">
<skipped>
</skipped>
</testcase>
<testcase name="真实数据库集成测试 › 性能测试 › 连接建立时间应该在合理范围内" classname="database-integration.spec.ts" time="0">
<skipped>
</skipped>
</testcase>
<testcase name="真实数据库集成测试 › 性能测试 › 简单查询执行时间应该在合理范围内" classname="database-integration.spec.ts" time="0">
<skipped>
</skipped>
</testcase>
<testcase name="真实数据库集成测试 › 数据操作测试 › 应该能够浏览数据库结构" classname="database-integration.spec.ts" time="0">
<skipped>
</skipped>
</testcase>
<testcase name="真实数据库集成测试 › 数据操作测试 › 应该能够浏览 IoTDB 存储组结构" classname="database-integration.spec.ts" time="0">
<skipped>
</skipped>
</testcase>
</testsuite>
<testsuite name="performance.spec.ts" timestamp="2025-07-26T04:53:34.026Z" hostname="Mobile Chrome" tests="12" failures="0" skipped="12" time="0" errors="0">
<testcase name="性能测试 › 应用启动性能 › 应用启动时间应该在合理范围内" classname="performance.spec.ts" time="0">
<skipped>
</skipped>
</testcase>
<testcase name="性能测试 › 应用启动性能 › 首次内容绘制时间应该合理" classname="performance.spec.ts" time="0">
<skipped>
</skipped>
</testcase>
<testcase name="性能测试 › 应用启动性能 › 最大内容绘制时间应该合理" classname="performance.spec.ts" time="0">
<skipped>
</skipped>
</testcase>
<testcase name="性能测试 › UI 响应性能 › 页面导航应该快速响应" classname="performance.spec.ts" time="0">
<skipped>
</skipped>
</testcase>
<testcase name="性能测试 › UI 响应性能 › 对话框打开应该快速响应" classname="performance.spec.ts" time="0">
<skipped>
</skipped>
</testcase>
<testcase name="性能测试 › UI 响应性能 › 表单输入应该流畅响应" classname="performance.spec.ts" time="0">
<skipped>
</skipped>
</testcase>
<testcase name="性能测试 › 数据加载性能 › 数据源树加载应该快速" classname="performance.spec.ts" time="0">
<skipped>
</skipped>
</testcase>
<testcase name="性能测试 › 数据加载性能 › 查询结果加载性能" classname="performance.spec.ts" time="0">
<skipped>
</skipped>
</testcase>
<testcase name="性能测试 › 内存使用性能 › 长时间使用后内存使用应该稳定" classname="performance.spec.ts" time="0">
<skipped>
</skipped>
</testcase>
<testcase name="性能测试 › 内存使用性能 › 大量数据处理性能" classname="performance.spec.ts" time="0">
<skipped>
</skipped>
</testcase>
<testcase name="性能测试 › 网络性能 › 慢网络条件下应用应该可用" classname="performance.spec.ts" time="0">
<skipped>
</skipped>
</testcase>
<testcase name="性能测试 › 网络性能 › 网络中断恢复后应用应该正常" classname="performance.spec.ts" time="0">
<skipped>
</skipped>
</testcase>
</testsuite>
<testsuite name="app-functionality.spec.ts" timestamp="2025-07-26T04:53:34.026Z" hostname="Mobile Safari" tests="21" failures="0" skipped="21" time="0" errors="0">
<testcase name="应用功能测试 › 应用启动和导航 › 应用应该正确启动并显示主界面" classname="app-functionality.spec.ts" time="0">
<skipped>
</skipped>
</testcase>
<testcase name="应用功能测试 › 应用启动和导航 › 应该能够在不同页面间导航" classname="app-functionality.spec.ts" time="0">
<skipped>
</skipped>
</testcase>
<testcase name="应用功能测试 › 应用启动和导航 › 侧边栏应该能够折叠和展开" classname="app-functionality.spec.ts" time="0">
<skipped>
</skipped>
</testcase>
<testcase name="应用功能测试 › 连接管理功能 › 应该能够打开连接管理对话框" classname="app-functionality.spec.ts" time="0">
<skipped>
</skipped>
</testcase>
<testcase name="应用功能测试 › 连接管理功能 › 应该能够创建新连接" classname="app-functionality.spec.ts" time="0">
<skipped>
</skipped>
</testcase>
<testcase name="应用功能测试 › 连接管理功能 › 应该能够编辑现有连接" classname="app-functionality.spec.ts" time="0">
<skipped>
</skipped>
</testcase>
<testcase name="应用功能测试 › 连接管理功能 › 应该能够删除连接" classname="app-functionality.spec.ts" time="0">
<skipped>
</skipped>
</testcase>
<testcase name="应用功能测试 › 查询功能 › 查询编辑器应该正确显示" classname="app-functionality.spec.ts" time="0">
<skipped>
</skipped>
</testcase>
<testcase name="应用功能测试 › 查询功能 › 应该能够输入和清空查询" classname="app-functionality.spec.ts" time="0">
<skipped>
</skipped>
</testcase>
<testcase name="应用功能测试 › 查询功能 › 应该能够插入示例查询" classname="app-functionality.spec.ts" time="0">
<skipped>
</skipped>
</testcase>
<testcase name="应用功能测试 › 查询功能 › 查询结果区域应该正确显示" classname="app-functionality.spec.ts" time="0">
<skipped>
</skipped>
</testcase>
<testcase name="应用功能测试 › 可视化功能 › 应该能够访问可视化页面" classname="app-functionality.spec.ts" time="0">
<skipped>
</skipped>
</testcase>
<testcase name="应用功能测试 › 可视化功能 › 应该能够创建新图表" classname="app-functionality.spec.ts" time="0">
<skipped>
</skipped>
</testcase>
<testcase name="应用功能测试 › 可视化功能 › 图表类型选择应该正常工作" classname="app-functionality.spec.ts" time="0">
<skipped>
</skipped>
</testcase>
<testcase name="应用功能测试 › 设置功能 › 应该能够打开设置对话框" classname="app-functionality.spec.ts" time="0">
<skipped>
</skipped>
</testcase>
<testcase name="应用功能测试 › 设置功能 › 应该能够切换主题" classname="app-functionality.spec.ts" time="0">
<skipped>
</skipped>
</testcase>
<testcase name="应用功能测试 › 设置功能 › 应该能够修改查询设置" classname="app-functionality.spec.ts" time="0">
<skipped>
</skipped>
</testcase>
<testcase name="应用功能测试 › 响应式设计 › 应该在移动端正确显示" classname="app-functionality.spec.ts" time="0">
<skipped>
</skipped>
</testcase>
<testcase name="应用功能测试 › 响应式设计 › 应该在平板端正确显示" classname="app-functionality.spec.ts" time="0">
<skipped>
</skipped>
</testcase>
<testcase name="应用功能测试 › 错误处理 › 应该正确处理网络错误" classname="app-functionality.spec.ts" time="0">
<skipped>
</skipped>
</testcase>
<testcase name="应用功能测试 › 错误处理 › 应该正确处理应用错误" classname="app-functionality.spec.ts" time="0">
<skipped>
</skipped>
</testcase>
</testsuite>
<testsuite name="database-integration.spec.ts" timestamp="2025-07-26T04:53:34.026Z" hostname="Mobile Safari" tests="14" failures="0" skipped="14" time="0" errors="0">
<testcase name="真实数据库集成测试 › 数据库连接测试 › 应该能够连接到 InfluxDB 1.8 测试" classname="database-integration.spec.ts" time="0">
<skipped>
</skipped>
</testcase>
<testcase name="真实数据库集成测试 › 数据库连接测试 › 应该能够连接到 InfluxDB 2.7 测试" classname="database-integration.spec.ts" time="0">
<skipped>
</skipped>
</testcase>
<testcase name="真实数据库集成测试 › 数据库连接测试 › 应该能够连接到 InfluxDB 3.x 测试" classname="database-integration.spec.ts" time="0">
<skipped>
</skipped>
</testcase>
<testcase name="真实数据库集成测试 › 数据库连接测试 › 应该能够连接到 IoTDB 测试" classname="database-integration.spec.ts" time="0">
<skipped>
</skipped>
</testcase>
<testcase name="真实数据库集成测试 › 数据库连接测试 › 应该正确处理连接失败" classname="database-integration.spec.ts" time="0">
<skipped>
</skipped>
</testcase>
<testcase name="真实数据库集成测试 › 查询执行测试 › 应该能够在 InfluxDB 1.8 测试 中执行查询" classname="database-integration.spec.ts" time="0">
<skipped>
</skipped>
</testcase>
<testcase name="真实数据库集成测试 › 查询执行测试 › 应该能够在 InfluxDB 2.7 测试 中执行查询" classname="database-integration.spec.ts" time="0">
<skipped>
</skipped>
</testcase>
<testcase name="真实数据库集成测试 › 查询执行测试 › 应该能够在 InfluxDB 3.x 测试 中执行查询" classname="database-integration.spec.ts" time="0">
<skipped>
</skipped>
</testcase>
<testcase name="真实数据库集成测试 › 查询执行测试 › 应该能够在 IoTDB 测试 中执行查询" classname="database-integration.spec.ts" time="0">
<skipped>
</skipped>
</testcase>
<testcase name="真实数据库集成测试 › 查询执行测试 › 应该正确处理无效查询" classname="database-integration.spec.ts" time="0">
<skipped>
</skipped>
</testcase>
<testcase name="真实数据库集成测试 › 性能测试 › 连接建立时间应该在合理范围内" classname="database-integration.spec.ts" time="0">
<skipped>
</skipped>
</testcase>
<testcase name="真实数据库集成测试 › 性能测试 › 简单查询执行时间应该在合理范围内" classname="database-integration.spec.ts" time="0">
<skipped>
</skipped>
</testcase>
<testcase name="真实数据库集成测试 › 数据操作测试 › 应该能够浏览数据库结构" classname="database-integration.spec.ts" time="0">
<skipped>
</skipped>
</testcase>
<testcase name="真实数据库集成测试 › 数据操作测试 › 应该能够浏览 IoTDB 存储组结构" classname="database-integration.spec.ts" time="0">
<skipped>
</skipped>
</testcase>
</testsuite>
<testsuite name="performance.spec.ts" timestamp="2025-07-26T04:53:34.026Z" hostname="Mobile Safari" tests="12" failures="0" skipped="12" time="0" errors="0">
<testcase name="性能测试 › 应用启动性能 › 应用启动时间应该在合理范围内" classname="performance.spec.ts" time="0">
<skipped>
</skipped>
</testcase>
<testcase name="性能测试 › 应用启动性能 › 首次内容绘制时间应该合理" classname="performance.spec.ts" time="0">
<skipped>
</skipped>
</testcase>
<testcase name="性能测试 › 应用启动性能 › 最大内容绘制时间应该合理" classname="performance.spec.ts" time="0">
<skipped>
</skipped>
</testcase>
<testcase name="性能测试 › UI 响应性能 › 页面导航应该快速响应" classname="performance.spec.ts" time="0">
<skipped>
</skipped>
</testcase>
<testcase name="性能测试 › UI 响应性能 › 对话框打开应该快速响应" classname="performance.spec.ts" time="0">
<skipped>
</skipped>
</testcase>
<testcase name="性能测试 › UI 响应性能 › 表单输入应该流畅响应" classname="performance.spec.ts" time="0">
<skipped>
</skipped>
</testcase>
<testcase name="性能测试 › 数据加载性能 › 数据源树加载应该快速" classname="performance.spec.ts" time="0">
<skipped>
</skipped>
</testcase>
<testcase name="性能测试 › 数据加载性能 › 查询结果加载性能" classname="performance.spec.ts" time="0">
<skipped>
</skipped>
</testcase>
<testcase name="性能测试 › 内存使用性能 › 长时间使用后内存使用应该稳定" classname="performance.spec.ts" time="0">
<skipped>
</skipped>
</testcase>
<testcase name="性能测试 › 内存使用性能 › 大量数据处理性能" classname="performance.spec.ts" time="0">
<skipped>
</skipped>
</testcase>
<testcase name="性能测试 › 网络性能 › 慢网络条件下应用应该可用" classname="performance.spec.ts" time="0">
<skipped>
</skipped>
</testcase>
<testcase name="性能测试 › 网络性能 › 网络中断恢复后应用应该正常" classname="performance.spec.ts" time="0">
<skipped>
</skipped>
</testcase>
</testsuite>
<testsuite name="app-functionality.spec.ts" timestamp="2025-07-26T04:53:34.026Z" hostname="Microsoft Edge" tests="21" failures="0" skipped="21" time="0" errors="0">
<testcase name="应用功能测试 › 应用启动和导航 › 应用应该正确启动并显示主界面" classname="app-functionality.spec.ts" time="0">
<skipped>
</skipped>
</testcase>
<testcase name="应用功能测试 › 应用启动和导航 › 应该能够在不同页面间导航" classname="app-functionality.spec.ts" time="0">
<skipped>
</skipped>
</testcase>
<testcase name="应用功能测试 › 应用启动和导航 › 侧边栏应该能够折叠和展开" classname="app-functionality.spec.ts" time="0">
<skipped>
</skipped>
</testcase>
<testcase name="应用功能测试 › 连接管理功能 › 应该能够打开连接管理对话框" classname="app-functionality.spec.ts" time="0">
<skipped>
</skipped>
</testcase>
<testcase name="应用功能测试 › 连接管理功能 › 应该能够创建新连接" classname="app-functionality.spec.ts" time="0">
<skipped>
</skipped>
</testcase>
<testcase name="应用功能测试 › 连接管理功能 › 应该能够编辑现有连接" classname="app-functionality.spec.ts" time="0">
<skipped>
</skipped>
</testcase>
<testcase name="应用功能测试 › 连接管理功能 › 应该能够删除连接" classname="app-functionality.spec.ts" time="0">
<skipped>
</skipped>
</testcase>
<testcase name="应用功能测试 › 查询功能 › 查询编辑器应该正确显示" classname="app-functionality.spec.ts" time="0">
<skipped>
</skipped>
</testcase>
<testcase name="应用功能测试 › 查询功能 › 应该能够输入和清空查询" classname="app-functionality.spec.ts" time="0">
<skipped>
</skipped>
</testcase>
<testcase name="应用功能测试 › 查询功能 › 应该能够插入示例查询" classname="app-functionality.spec.ts" time="0">
<skipped>
</skipped>
</testcase>
<testcase name="应用功能测试 › 查询功能 › 查询结果区域应该正确显示" classname="app-functionality.spec.ts" time="0">
<skipped>
</skipped>
</testcase>
<testcase name="应用功能测试 › 可视化功能 › 应该能够访问可视化页面" classname="app-functionality.spec.ts" time="0">
<skipped>
</skipped>
</testcase>
<testcase name="应用功能测试 › 可视化功能 › 应该能够创建新图表" classname="app-functionality.spec.ts" time="0">
<skipped>
</skipped>
</testcase>
<testcase name="应用功能测试 › 可视化功能 › 图表类型选择应该正常工作" classname="app-functionality.spec.ts" time="0">
<skipped>
</skipped>
</testcase>
<testcase name="应用功能测试 › 设置功能 › 应该能够打开设置对话框" classname="app-functionality.spec.ts" time="0">
<skipped>
</skipped>
</testcase>
<testcase name="应用功能测试 › 设置功能 › 应该能够切换主题" classname="app-functionality.spec.ts" time="0">
<skipped>
</skipped>
</testcase>
<testcase name="应用功能测试 › 设置功能 › 应该能够修改查询设置" classname="app-functionality.spec.ts" time="0">
<skipped>
</skipped>
</testcase>
<testcase name="应用功能测试 › 响应式设计 › 应该在移动端正确显示" classname="app-functionality.spec.ts" time="0">
<skipped>
</skipped>
</testcase>
<testcase name="应用功能测试 › 响应式设计 › 应该在平板端正确显示" classname="app-functionality.spec.ts" time="0">
<skipped>
</skipped>
</testcase>
<testcase name="应用功能测试 › 错误处理 › 应该正确处理网络错误" classname="app-functionality.spec.ts" time="0">
<skipped>
</skipped>
</testcase>
<testcase name="应用功能测试 › 错误处理 › 应该正确处理应用错误" classname="app-functionality.spec.ts" time="0">
<skipped>
</skipped>
</testcase>
</testsuite>
<testsuite name="database-integration.spec.ts" timestamp="2025-07-26T04:53:34.026Z" hostname="Microsoft Edge" tests="14" failures="0" skipped="14" time="0" errors="0">
<testcase name="真实数据库集成测试 › 数据库连接测试 › 应该能够连接到 InfluxDB 1.8 测试" classname="database-integration.spec.ts" time="0">
<skipped>
</skipped>
</testcase>
<testcase name="真实数据库集成测试 › 数据库连接测试 › 应该能够连接到 InfluxDB 2.7 测试" classname="database-integration.spec.ts" time="0">
<skipped>
</skipped>
</testcase>
<testcase name="真实数据库集成测试 › 数据库连接测试 › 应该能够连接到 InfluxDB 3.x 测试" classname="database-integration.spec.ts" time="0">
<skipped>
</skipped>
</testcase>
<testcase name="真实数据库集成测试 › 数据库连接测试 › 应该能够连接到 IoTDB 测试" classname="database-integration.spec.ts" time="0">
<skipped>
</skipped>
</testcase>
<testcase name="真实数据库集成测试 › 数据库连接测试 › 应该正确处理连接失败" classname="database-integration.spec.ts" time="0">
<skipped>
</skipped>
</testcase>
<testcase name="真实数据库集成测试 › 查询执行测试 › 应该能够在 InfluxDB 1.8 测试 中执行查询" classname="database-integration.spec.ts" time="0">
<skipped>
</skipped>
</testcase>
<testcase name="真实数据库集成测试 › 查询执行测试 › 应该能够在 InfluxDB 2.7 测试 中执行查询" classname="database-integration.spec.ts" time="0">
<skipped>
</skipped>
</testcase>
<testcase name="真实数据库集成测试 › 查询执行测试 › 应该能够在 InfluxDB 3.x 测试 中执行查询" classname="database-integration.spec.ts" time="0">
<skipped>
</skipped>
</testcase>
<testcase name="真实数据库集成测试 › 查询执行测试 › 应该能够在 IoTDB 测试 中执行查询" classname="database-integration.spec.ts" time="0">
<skipped>
</skipped>
</testcase>
<testcase name="真实数据库集成测试 › 查询执行测试 › 应该正确处理无效查询" classname="database-integration.spec.ts" time="0">
<skipped>
</skipped>
</testcase>
<testcase name="真实数据库集成测试 › 性能测试 › 连接建立时间应该在合理范围内" classname="database-integration.spec.ts" time="0">
<skipped>
</skipped>
</testcase>
<testcase name="真实数据库集成测试 › 性能测试 › 简单查询执行时间应该在合理范围内" classname="database-integration.spec.ts" time="0">
<skipped>
</skipped>
</testcase>
<testcase name="真实数据库集成测试 › 数据操作测试 › 应该能够浏览数据库结构" classname="database-integration.spec.ts" time="0">
<skipped>
</skipped>
</testcase>
<testcase name="真实数据库集成测试 › 数据操作测试 › 应该能够浏览 IoTDB 存储组结构" classname="database-integration.spec.ts" time="0">
<skipped>
</skipped>
</testcase>
</testsuite>
<testsuite name="performance.spec.ts" timestamp="2025-07-26T04:53:34.026Z" hostname="Microsoft Edge" tests="12" failures="0" skipped="12" time="0" errors="0">
<testcase name="性能测试 › 应用启动性能 › 应用启动时间应该在合理范围内" classname="performance.spec.ts" time="0">
<skipped>
</skipped>
</testcase>
<testcase name="性能测试 › 应用启动性能 › 首次内容绘制时间应该合理" classname="performance.spec.ts" time="0">
<skipped>
</skipped>
</testcase>
<testcase name="性能测试 › 应用启动性能 › 最大内容绘制时间应该合理" classname="performance.spec.ts" time="0">
<skipped>
</skipped>
</testcase>
<testcase name="性能测试 › UI 响应性能 › 页面导航应该快速响应" classname="performance.spec.ts" time="0">
<skipped>
</skipped>
</testcase>
<testcase name="性能测试 › UI 响应性能 › 对话框打开应该快速响应" classname="performance.spec.ts" time="0">
<skipped>
</skipped>
</testcase>
<testcase name="性能测试 › UI 响应性能 › 表单输入应该流畅响应" classname="performance.spec.ts" time="0">
<skipped>
</skipped>
</testcase>
<testcase name="性能测试 › 数据加载性能 › 数据源树加载应该快速" classname="performance.spec.ts" time="0">
<skipped>
</skipped>
</testcase>
<testcase name="性能测试 › 数据加载性能 › 查询结果加载性能" classname="performance.spec.ts" time="0">
<skipped>
</skipped>
</testcase>
<testcase name="性能测试 › 内存使用性能 › 长时间使用后内存使用应该稳定" classname="performance.spec.ts" time="0">
<skipped>
</skipped>
</testcase>
<testcase name="性能测试 › 内存使用性能 › 大量数据处理性能" classname="performance.spec.ts" time="0">
<skipped>
</skipped>
</testcase>
<testcase name="性能测试 › 网络性能 › 慢网络条件下应用应该可用" classname="performance.spec.ts" time="0">
<skipped>
</skipped>
</testcase>
<testcase name="性能测试 › 网络性能 › 网络中断恢复后应用应该正常" classname="performance.spec.ts" time="0">
<skipped>
</skipped>
</testcase>
</testsuite>
<testsuite name="app-functionality.spec.ts" timestamp="2025-07-26T04:53:34.026Z" hostname="Google Chrome" tests="21" failures="0" skipped="21" time="0" errors="0">
<testcase name="应用功能测试 › 应用启动和导航 › 应用应该正确启动并显示主界面" classname="app-functionality.spec.ts" time="0">
<skipped>
</skipped>
</testcase>
<testcase name="应用功能测试 › 应用启动和导航 › 应该能够在不同页面间导航" classname="app-functionality.spec.ts" time="0">
<skipped>
</skipped>
</testcase>
<testcase name="应用功能测试 › 应用启动和导航 › 侧边栏应该能够折叠和展开" classname="app-functionality.spec.ts" time="0">
<skipped>
</skipped>
</testcase>
<testcase name="应用功能测试 › 连接管理功能 › 应该能够打开连接管理对话框" classname="app-functionality.spec.ts" time="0">
<skipped>
</skipped>
</testcase>
<testcase name="应用功能测试 › 连接管理功能 › 应该能够创建新连接" classname="app-functionality.spec.ts" time="0">
<skipped>
</skipped>
</testcase>
<testcase name="应用功能测试 › 连接管理功能 › 应该能够编辑现有连接" classname="app-functionality.spec.ts" time="0">
<skipped>
</skipped>
</testcase>
<testcase name="应用功能测试 › 连接管理功能 › 应该能够删除连接" classname="app-functionality.spec.ts" time="0">
<skipped>
</skipped>
</testcase>
<testcase name="应用功能测试 › 查询功能 › 查询编辑器应该正确显示" classname="app-functionality.spec.ts" time="0">
<skipped>
</skipped>
</testcase>
<testcase name="应用功能测试 › 查询功能 › 应该能够输入和清空查询" classname="app-functionality.spec.ts" time="0">
<skipped>
</skipped>
</testcase>
<testcase name="应用功能测试 › 查询功能 › 应该能够插入示例查询" classname="app-functionality.spec.ts" time="0">
<skipped>
</skipped>
</testcase>
<testcase name="应用功能测试 › 查询功能 › 查询结果区域应该正确显示" classname="app-functionality.spec.ts" time="0">
<skipped>
</skipped>
</testcase>
<testcase name="应用功能测试 › 可视化功能 › 应该能够访问可视化页面" classname="app-functionality.spec.ts" time="0">
<skipped>
</skipped>
</testcase>
<testcase name="应用功能测试 › 可视化功能 › 应该能够创建新图表" classname="app-functionality.spec.ts" time="0">
<skipped>
</skipped>
</testcase>
<testcase name="应用功能测试 › 可视化功能 › 图表类型选择应该正常工作" classname="app-functionality.spec.ts" time="0">
<skipped>
</skipped>
</testcase>
<testcase name="应用功能测试 › 设置功能 › 应该能够打开设置对话框" classname="app-functionality.spec.ts" time="0">
<skipped>
</skipped>
</testcase>
<testcase name="应用功能测试 › 设置功能 › 应该能够切换主题" classname="app-functionality.spec.ts" time="0">
<skipped>
</skipped>
</testcase>
<testcase name="应用功能测试 › 设置功能 › 应该能够修改查询设置" classname="app-functionality.spec.ts" time="0">
<skipped>
</skipped>
</testcase>
<testcase name="应用功能测试 › 响应式设计 › 应该在移动端正确显示" classname="app-functionality.spec.ts" time="0">
<skipped>
</skipped>
</testcase>
<testcase name="应用功能测试 › 响应式设计 › 应该在平板端正确显示" classname="app-functionality.spec.ts" time="0">
<skipped>
</skipped>
</testcase>
<testcase name="应用功能测试 › 错误处理 › 应该正确处理网络错误" classname="app-functionality.spec.ts" time="0">
<skipped>
</skipped>
</testcase>
<testcase name="应用功能测试 › 错误处理 › 应该正确处理应用错误" classname="app-functionality.spec.ts" time="0">
<skipped>
</skipped>
</testcase>
</testsuite>
<testsuite name="database-integration.spec.ts" timestamp="2025-07-26T04:53:34.026Z" hostname="Google Chrome" tests="14" failures="0" skipped="14" time="0" errors="0">
<testcase name="真实数据库集成测试 › 数据库连接测试 › 应该能够连接到 InfluxDB 1.8 测试" classname="database-integration.spec.ts" time="0">
<skipped>
</skipped>
</testcase>
<testcase name="真实数据库集成测试 › 数据库连接测试 › 应该能够连接到 InfluxDB 2.7 测试" classname="database-integration.spec.ts" time="0">
<skipped>
</skipped>
</testcase>
<testcase name="真实数据库集成测试 › 数据库连接测试 › 应该能够连接到 InfluxDB 3.x 测试" classname="database-integration.spec.ts" time="0">
<skipped>
</skipped>
</testcase>
<testcase name="真实数据库集成测试 › 数据库连接测试 › 应该能够连接到 IoTDB 测试" classname="database-integration.spec.ts" time="0">
<skipped>
</skipped>
</testcase>
<testcase name="真实数据库集成测试 › 数据库连接测试 › 应该正确处理连接失败" classname="database-integration.spec.ts" time="0">
<skipped>
</skipped>
</testcase>
<testcase name="真实数据库集成测试 › 查询执行测试 › 应该能够在 InfluxDB 1.8 测试 中执行查询" classname="database-integration.spec.ts" time="0">
<skipped>
</skipped>
</testcase>
<testcase name="真实数据库集成测试 › 查询执行测试 › 应该能够在 InfluxDB 2.7 测试 中执行查询" classname="database-integration.spec.ts" time="0">
<skipped>
</skipped>
</testcase>
<testcase name="真实数据库集成测试 › 查询执行测试 › 应该能够在 InfluxDB 3.x 测试 中执行查询" classname="database-integration.spec.ts" time="0">
<skipped>
</skipped>
</testcase>
<testcase name="真实数据库集成测试 › 查询执行测试 › 应该能够在 IoTDB 测试 中执行查询" classname="database-integration.spec.ts" time="0">
<skipped>
</skipped>
</testcase>
<testcase name="真实数据库集成测试 › 查询执行测试 › 应该正确处理无效查询" classname="database-integration.spec.ts" time="0">
<skipped>
</skipped>
</testcase>
<testcase name="真实数据库集成测试 › 性能测试 › 连接建立时间应该在合理范围内" classname="database-integration.spec.ts" time="0">
<skipped>
</skipped>
</testcase>
<testcase name="真实数据库集成测试 › 性能测试 › 简单查询执行时间应该在合理范围内" classname="database-integration.spec.ts" time="0">
<skipped>
</skipped>
</testcase>
<testcase name="真实数据库集成测试 › 数据操作测试 › 应该能够浏览数据库结构" classname="database-integration.spec.ts" time="0">
<skipped>
</skipped>
</testcase>
<testcase name="真实数据库集成测试 › 数据操作测试 › 应该能够浏览 IoTDB 存储组结构" classname="database-integration.spec.ts" time="0">
<skipped>
</skipped>
</testcase>
</testsuite>
<testsuite name="performance.spec.ts" timestamp="2025-07-26T04:53:34.026Z" hostname="Google Chrome" tests="12" failures="0" skipped="12" time="0" errors="0">
<testcase name="性能测试 › 应用启动性能 › 应用启动时间应该在合理范围内" classname="performance.spec.ts" time="0">
<skipped>
</skipped>
</testcase>
<testcase name="性能测试 › 应用启动性能 › 首次内容绘制时间应该合理" classname="performance.spec.ts" time="0">
<skipped>
</skipped>
</testcase>
<testcase name="性能测试 › 应用启动性能 › 最大内容绘制时间应该合理" classname="performance.spec.ts" time="0">
<skipped>
</skipped>
</testcase>
<testcase name="性能测试 › UI 响应性能 › 页面导航应该快速响应" classname="performance.spec.ts" time="0">
<skipped>
</skipped>
</testcase>
<testcase name="性能测试 › UI 响应性能 › 对话框打开应该快速响应" classname="performance.spec.ts" time="0">
<skipped>
</skipped>
</testcase>
<testcase name="性能测试 › UI 响应性能 › 表单输入应该流畅响应" classname="performance.spec.ts" time="0">
<skipped>
</skipped>
</testcase>
<testcase name="性能测试 › 数据加载性能 › 数据源树加载应该快速" classname="performance.spec.ts" time="0">
<skipped>
</skipped>
</testcase>
<testcase name="性能测试 › 数据加载性能 › 查询结果加载性能" classname="performance.spec.ts" time="0">
<skipped>
</skipped>
</testcase>
<testcase name="性能测试 › 内存使用性能 › 长时间使用后内存使用应该稳定" classname="performance.spec.ts" time="0">
<skipped>
</skipped>
</testcase>
<testcase name="性能测试 › 内存使用性能 › 大量数据处理性能" classname="performance.spec.ts" time="0">
<skipped>
</skipped>
</testcase>
<testcase name="性能测试 › 网络性能 › 慢网络条件下应用应该可用" classname="performance.spec.ts" time="0">
<skipped>
</skipped>
</testcase>
<testcase name="性能测试 › 网络性能 › 网络中断恢复后应用应该正常" classname="performance.spec.ts" time="0">
<skipped>
</skipped>
</testcase>
</testsuite>
</testsuites>